# JRE version: Java(TM) SE Runtime Environment (8.0_201-b09) (build 1.8.0_201-b09)
# Java VM: Java HotSpot(TM) 64-Bit Server VM (25.201-b09 mixed mode linux-amd64 compressed oops)
Heap:
 PSYoungGen      total 27136K, used 1867K [0x00000000e2000000, 0x00000000e4100000, 0x0000000100000000)
  eden space 21504K, 5% used [0x00000000e2000000,0x00000000e21356b8,0x00000000e3500000)
  from space 5632K, 11% used [0x00000000e3b80000,0x00000000e3c1d728,0x00000000e4100000)
  to   space 6144K, 0% used [0x00000000e3500000,0x00000000e3500000,0x00000000e3b00000)
 ParOldGen       total 31744K, used 5975K [0x00000000a6000000, 0x00000000a7f00000, 0x00000000e2000000)
  object space 31744K, 18% used [0x00000000a6000000,0x00000000a65d5e10,0x00000000a7f00000)
 Metaspace       used 22598K, capacity 22902K, committed 23216K, reserved 1069056K
  class space    used 2717K, capacity 2798K, committed 2816K, reserved 1048576K
GC Heap History (10 events):
Event: 94.718 GC heap before
{Heap before GC invocations=5 (full 1):
 PSYoungGen      total 27136K, used 23650K [0x00000000e2000000, 0x00000000e3e00000, 0x0000000100000000)
  eden space 23552K, 99% used [0x00000000e2000000,0x00000000e36f0868,0x00000000e3700000)
  from space 3584K, 4% used [0x00000000e3700000,0x00000000e3728000,0x00000000e3a80000)
  to   space 3584K, 0% used [0x00000000e3a80000,0x00000000e3a80000,0x00000000e3e00000)
 ParOldGen       total 31744K, used 5951K [0x00000000a6000000, 0x00000000a7f00000, 0x00000000e2000000)
  object space 31744K, 18% used [0x00000000a6000000,0x00000000a65cfe10,0x00000000a7f00000)
 Metaspace       used 20971K, capacity 21230K, committed 21552K, reserved 1069056K
  class space    used 2521K, capacity 2604K, committed 2688K, reserved 1048576K
Event: 94.720 GC heap after
Heap after GC invocations=5 (full 1):
 PSYoungGen      total 27136K, used 128K [0x00000000e2000000, 0x00000000e3e00000, 0x0000000100000000)
  eden space 23552K, 0% used [0x00000000e2000000,0x00000000e2000000,0x00000000e3700000)
  from space 3584K, 3% used [0x00000000e3a80000,0x00000000e3aa0000,0x00000000e3e00000)
  to   space 3584K, 0% used [0x00000000e3700000,0x00000000e3700000,0x00000000e3a80000)
 ParOldGen       total 31744K, used 5951K [0x00000000a6000000, 0x00000000a7f00000, 0x00000000e2000000)
  object space 31744K, 18% used [0x00000000a6000000,0x00000000a65cfe10,0x00000000a7f00000)
 Metaspace       used 20971K, capacity 21230K, committed 21552K, reserved 1069056K
  class space    used 2521K, capacity 2604K, committed 2688K, reserved 1048576K
}
Event: 100.718 GC heap before
{Heap before GC invocations=6 (full 1):
 PSYoungGen      total 27136K, used 23532K [0x00000000e2000000, 0x00000000e3e00000, 0x0000000100000000)
  eden space 23552K, 99% used [0x00000000e2000000,0x00000000e36db2d8,0x00000000e3700000)
  from space 3584K, 3% used [0x00000000e3a80000,0x00000000e3aa0000,0x00000000e3e00000)
  to   space 3584K, 0% used [0x00000000e3700000,0x00000000e3700000,0x00000000e3a80000)
 ParOldGen       total 31744K, used 5951K [0x00000000a6000000, 0x00000000a7f00000, 0x00000000e2000000)
  object space 31744K, 18% used [0x00000000a6000000,0x00000000a65cfe10,0x00000000a7f00000)
 Metaspace       used 20979K, capacity 21230K, committed 21552K, reserved 1069056K
  class space    used 2521K, capacity 2604K, committed 2688K, reserved 1048576K
Event: 100.721 GC heap after
Heap after GC invocations=6 (full 1):
 PSYoungGen      total 26624K, used 96K [0x00000000e2000000, 0x00000000e4480000, 0x0000000100000000)
  eden space 23040K, 0% used [0x00000000e2000000,0x00000000e2000000,0x00000000e3680000)
  from space 3584K, 2% used [0x00000000e3700000,0x00000000e3718000,0x00000000e3a80000)
  to   space 7168K, 0% used [0x00000000e3d80000,0x00000000e3d80000,0x00000000e4480000)
 ParOldGen       total 31744K, used 5959K [0x00000000a6000000, 0x00000000a7f00000, 0x00000000e2000000)
  object space 31744K, 18% used [0x00000000a6000000,0x00000000a65d1e10,0x00000000a7f00000)
 Metaspace       used 20979K, capacity 21230K, committed 21552K, reserved 1069056K
  class space    used 2521K, capacity 2604K, committed 2688K, reserved 1048576K
}
Event: 114.041 GC heap before
{Heap before GC invocations=7 (full 1):
 PSYoungGen      total 26624K, used 23108K [0x00000000e2000000, 0x00000000e4480000, 0x0000000100000000)
  eden space 23040K, 99% used [0x00000000e2000000,0x00000000e3679338,0x00000000e3680000)
  from space 3584K, 2% used [0x00000000e3700000,0x00000000e3718000,0x00000000e3a80000)
  to   space 7168K, 0% used [0x00000000e3d80000,0x00000000e3d80000,0x00000000e4480000)
 ParOldGen       total 31744K, used 5959K [0x00000000a6000000, 0x00000000a7f00000, 0x00000000e2000000)
  object space 31744K, 18% used [0x00000000a6000000,0x00000000a65d1e10,0x00000000a7f00000)
 Metaspace       used 21262K, capacity 21518K, committed 21808K, reserved 1069056K
  class space    used 2558K, capacity 2636K, committed 2688K, reserved 1048576K
Event: 114.043 GC heap after
Heap after GC invocations=7 (full 1):
 PSYoungGen      total 28160K, used 224K [0x00000000e2000000, 0x00000000e4300000, 0x0000000100000000)
  eden space 22528K, 0% used [0x00000000e2000000,0x00000000e2000000,0x00000000e3600000)
  from space 5632K, 3% used [0x00000000e3d80000,0x00000000e3db8000,0x00000000e4300000)
  to   space 6656K, 0% used [0x00000000e3600000,0x00000000e3600000,0x00000000e3c80000)
 ParOldGen       total 31744K, used 5967K [0x00000000a6000000, 0x00000000a7f00000, 0x00000000e2000000)
  object space 31744K, 18% used [0x00000000a6000000,0x00000000a65d3e10,0x00000000a7f00000)
 Metaspace       used 21262K, capacity 21518K, committed 21808K, reserved 1069056K
  class space    used 2558K, capacity 2636K, committed 2688K, reserved 1048576K
}
Event: 144.183 GC heap before
{Heap before GC invocations=8 (full 1):
 PSYoungGen      total 28160K, used 22752K [0x00000000e2000000, 0x00000000e4300000, 0x0000000100000000)
  eden space 22528K, 100% used [0x00000000e2000000,0x00000000e3600000,0x00000000e3600000)
  from space 5632K, 3% used [0x00000000e3d80000,0x00000000e3db8000,0x00000000e4300000)
  to   space 6656K, 0% used [0x00000000e3600000,0x00000000e3600000,0x00000000e3c80000)
 ParOldGen       total 31744K, used 5967K [0x00000000a6000000, 0x00000000a7f00000, 0x00000000e2000000)
  object space 31744K, 18% used [0x00000000a6000000,0x00000000a65d3e10,0x00000000a7f00000)
 Metaspace       used 22393K, capacity 22678K, committed 22960K, reserved 1069056K
  class space    used 2700K, capacity 2766K, committed 2816K, reserved 1048576K
Event: 144.200 GC heap after
Heap after GC invocations=8 (full 1):
 PSYoungGen      total 23040K, used 637K [0x00000000e2000000, 0x00000000e4180000, 0x0000000100000000)
  eden space 22016K, 0% used [0x00000000e2000000,0x00000000e2000000,0x00000000e3580000)
  from space 1024K, 62% used [0x00000000e3600000,0x00000000e369f550,0x00000000e3700000)
  to   space 6144K, 0% used [0x00000000e3b80000,0x00000000e3b80000,0x00000000e4180000)
 ParOldGen       total 31744K, used 5975K [0x00000000a6000000, 0x00000000a7f00000, 0x00000000e2000000)
  object space 31744K, 18% used [0x00000000a6000000,0x00000000a65d5e10,0x00000000a7f00000)
 Metaspace       used 22393K, capacity 22678K, committed 22960K, reserved 1069056K
  class space    used 2700K, capacity 2766K, committed 2816K, reserved 1048576K
}
Event: 175.694 GC heap before
{Heap before GC invocations=9 (full 1):
 PSYoungGen      total 23040K, used 22621K [0x00000000e2000000, 0x00000000e4180000, 0x0000000100000000)
  eden space 22016K, 99% used [0x00000000e2000000,0x00000000e3577ee8,0x00000000e3580000)
  from space 1024K, 62% used [0x00000000e3600000,0x00000000e369f550,0x00000000e3700000)
  to   space 6144K, 0% used [0x00000000e3b80000,0x00000000e3b80000,0x00000000e4180000)
 ParOldGen       total 31744K, used 5975K [0x00000000a6000000, 0x00000000a7f00000, 0x00000000e2000000)
  object space 31744K, 18% used [0x00000000a6000000,0x00000000a65d5e10,0x00000000a7f00000)
 Metaspace       used 22597K, capacity 22902K, committed 23216K, reserved 1069056K
  class space    used 2717K, capacity 2798K, committed 2816K, reserved 1048576K
Event: 175.700 GC heap after
Heap after GC invocations=9 (full 1):
 PSYoungGen      total 27136K, used 629K [0x00000000e2000000, 0x00000000e4100000, 0x0000000100000000)
  eden space 21504K, 0% used [0x00000000e2000000,0x00000000e2000000,0x00000000e3500000)
  from space 5632K, 11% used [0x00000000e3b80000,0x00000000e3c1d728,0x00000000e4100000)
  to   space 6144K, 0% used [0x00000000e3500000,0x00000000e3500000,0x00000000e3b00000)
 ParOldGen       total 31744K, used 5975K [0x00000000a6000000, 0x00000000a7f00000, 0x00000000e2000000)
  object space 31744K, 18% used [0x00000000a6000000,0x00000000a65d5e10,0x00000000a7f00000)
 Metaspace       used 22597K, capacity 22902K, committed 23216K, reserved 1069056K
  class space    used 2717K, capacity 2798K, committed 2816K, reserved 1048576K
}

